<?xml version="1.0" encoding="UTF-8"?>
<testsuite xmlns:xsi="http://www.w3.org/2001/XMLSchema-instance" xsi:noNamespaceSchemaLocation="https://maven.apache.org/surefire/maven-surefire-plugin/xsd/surefire-test-report-3.0.xsd" version="3.0" name="com.zectia.user_microservice.UserMicroserviceApplicationTests" time="23.825" tests="1" errors="0" skipped="0" failures="0">
  <properties>
[...]
</properties>
  <testcase name="contextLoads" classname="com.zectia.user_microservice.UserMicroserviceApplicationTests" time="0.945">
    <system-out><![CDATA[13:41:51.726 [main] INFO org.springframework.test.context.support.AnnotationConfigContextLoaderUtils -- Could not detect default configuration classes for test class [com.zectia.user_microservice.UserMicroserviceApplicationTests]: UserMicroserviceApplicationTests does not declare any static, non-private, non-final, nested classes annotated with @Configuration.
13:41:52.235 [main] INFO org.springframework.boot.test.context.SpringBootTestContextBootstrapper -- Found @SpringBootConfiguration com.zectia.user_microservice.UserMicroserviceApplication for test class com.zectia.user_microservice.UserMicroserviceApplicationTests
  .   ____          _            __ _ _
 /\\ / ___'_ __ _ _(_)_ __  __ _ \ \ \ \
( ( )\___ | '_ | '_| | '_ \/ _` | \ \ \ \
 \\/  ___)| |_)| | | | | || (_| |  ) ) ) )
  '  |____| .__|_| |_|_| |_\__, | / / / /
 =========|_|==============|___/=/_/_/_/

 :: Spring Boot ::                (v3.3.0)

2024-06-03T13:41:53.872-04:00  INFO 38675 --- [user-microservice] [           main] c.z.u.UserMicroserviceApplicationTests   : Starting UserMicroserviceApplicationTests using Java 21.0.2 with PID 38675 (started by luis in /mnt/c/users/luis/Desktop/zectia/user-microservice)
2024-06-03T13:41:53.876-04:00  INFO 38675 --- [user-microservice] [           main] c.z.u.UserMicroserviceApplicationTests   : No active profile set, falling back to 1 default profile: "default"
2024-06-03T13:41:57.757-04:00  INFO 38675 --- [user-microservice] [           main] .s.d.r.c.RepositoryConfigurationDelegate : Bootstrapping Spring Data JPA repositories in DEFAULT mode.
2024-06-03T13:41:58.106-04:00  INFO 38675 --- [user-microservice] [           main] .s.d.r.c.RepositoryConfigurationDelegate : Finished Spring Data repository scanning in 317 ms. Found 1 JPA repository interface.
2024-06-03T13:41:59.863-04:00  INFO 38675 --- [user-microservice] [           main] o.hibernate.jpa.internal.util.LogHelper  : HHH000204: Processing PersistenceUnitInfo [name: default]
2024-06-03T13:42:00.188-04:00  INFO 38675 --- [user-microservice] [           main] org.hibernate.Version                    : HHH000412: Hibernate ORM core version 6.5.2.Final
2024-06-03T13:42:00.318-04:00  INFO 38675 --- [user-microservice] [           main] o.h.c.internal.RegionFactoryInitiator    : HHH000026: Second-level cache disabled
2024-06-03T13:42:01.944-04:00  INFO 38675 --- [user-microservice] [           main] o.s.o.j.p.SpringPersistenceUnitInfo      : No LoadTimeWeaver setup: ignoring JPA class transformer
2024-06-03T13:42:02.070-04:00  INFO 38675 --- [user-microservice] [           main] com.zaxxer.hikari.HikariDataSource       : HikariPool-1 - Starting...
2024-06-03T13:42:04.150-04:00  INFO 38675 --- [user-microservice] [           main] com.zaxxer.hikari.pool.HikariPool        : HikariPool-1 - Added connection org.postgresql.jdbc.PgConnection@338d47b
2024-06-03T13:42:04.159-04:00  INFO 38675 --- [user-microservice] [           main] com.zaxxer.hikari.HikariDataSource       : HikariPool-1 - Start completed.
2024-06-03T13:42:07.975-04:00  INFO 38675 --- [user-microservice] [           main] o.h.e.t.j.p.i.JtaPlatformInitiator       : HHH000489: No JTA platform available (set 'hibernate.transaction.jta.platform' to enable JTA platform integration)
Hibernate: 
    alter table if exists usuarios 
       alter column clave set data type TEXT
Hibernate: 
    alter table if exists usuarios 
       alter column url_imagen_perfil set data type TEXT
2024-06-03T13:42:09.971-04:00  INFO 38675 --- [user-microservice] [           main] j.LocalContainerEntityManagerFactoryBean : Initialized JPA EntityManagerFactory for persistence unit 'default'
2024-06-03T13:42:11.106-04:00  WARN 38675 --- [user-microservice] [           main] JpaBaseConfiguration$JpaWebConfiguration : spring.jpa.open-in-view is enabled by default. Therefore, database queries may be performed during view rendering. Explicitly configure spring.jpa.open-in-view to disable this warning
2024-06-03T13:42:12.694-04:00  INFO 38675 --- [user-microservice] [           main] r$InitializeUserDetailsManagerConfigurer : Global AuthenticationManager configured with UserDetailsService bean with name userDetailServiceImpl
2024-06-03T13:42:13.097-04:00  INFO 38675 --- [user-microservice] [           main] o.s.s.web.DefaultSecurityFilterChain     : Will secure any request with [org.springframework.security.web.session.DisableEncodeUrlFilter@5d1907fb, org.springframework.security.web.context.request.async.WebAsyncManagerIntegrationFilter@6079d219, org.springframework.security.web.context.SecurityContextHolderFilter@7aa62a90, org.springframework.security.web.header.HeaderWriterFilter@23cfc9eb, org.springframework.web.filter.CorsFilter@4ed90b04, org.springframework.security.web.authentication.logout.LogoutFilter@5e6ad84c, com.zectia.user_microservice.security.JWTAuthorizationFilter@5b3c11ce, com.zectia.user_microservice.security.JWTAuthenticationFilter@686ace1f, org.springframework.security.web.authentication.www.BasicAuthenticationFilter@5471342, org.springframework.security.web.savedrequest.RequestCacheAwareFilter@5fc42998, org.springframework.security.web.servletapi.SecurityContextHolderAwareRequestFilter@5dfb65d5, org.springframework.security.web.authentication.AnonymousAuthenticationFilter@7dd92a36, org.springframework.security.web.session.SessionManagementFilter@2bfe4df9, org.springframework.security.web.access.ExceptionTranslationFilter@4a5eb613, org.springframework.security.web.access.intercept.AuthorizationFilter@45c10678]
2024-06-03T13:42:13.747-04:00  INFO 38675 --- [user-microservice] [           main] c.z.u.UserMicroserviceApplicationTests   : Started UserMicroserviceApplicationTests in 20.875 seconds (process running for 24.36)
]]></system-out>
    <system-err><![CDATA[WARNING: A Java agent has been loaded dynamically (/home/luis/.m2/repository/net/bytebuddy/byte-buddy-agent/1.14.16/byte-buddy-agent-1.14.16.jar)
WARNING: If a serviceability tool is in use, please run with -XX:+EnableDynamicAgentLoading to hide this warning
WARNING: If a serviceability tool is not in use, please run with -Djdk.instrument.traceUsage for more information
WARNING: Dynamic loading of agents will be disallowed by default in a future release
]]></system-err>
  </testcase>
</testsuite>